This is pdfTeX, Version 3.141592653-2.6-1.40.24 (TeX Live 2022/Arch Linux) (preloaded format=pdflatex 2022.7.6)  7 JUL 2022 19:29
entering extended mode
 \write18 enabled.
 file:line:error style messages enabled.
 %&-line parsing enabled.
**/home/chuck/Uni/drw0if-appunti/Crittografia/main.tex
(/home/chuck/Uni/drw0if-appunti/Crittografia/main.tex
LaTeX2e <2021-11-15> patch level 1
L3 programming layer <2022-04-10> (/usr/share/texmf-dist/tex/latex/base/article.cls
Document Class: article 2021/10/04 v1.4n Standard LaTeX document class
(/usr/share/texmf-dist/tex/latex/base/size10.clo
File: size10.clo 2021/10/04 v1.4n Standard LaTeX file (size option)
)
\c@part=\count185
\c@section=\count186
\c@subsection=\count187
\c@subsubsection=\count188
\c@paragraph=\count189
\c@subparagraph=\count190
\c@figure=\count191
\c@table=\count192
\abovecaptionskip=\skip47
\belowcaptionskip=\skip48
\bibindent=\dimen138
) (/usr/share/texmf-dist/tex/latex/base/inputenc.sty
Package: inputenc 2021/02/14 v1.3d Input encoding file
\inpenc@prehook=\toks16
\inpenc@posthook=\toks17
) (/usr/share/texmf-dist/tex/latex/amsmath/amsmath.sty
Package: amsmath 2021/10/15 v2.17l AMS math features
\@mathmargin=\skip49

For additional information on amsmath, use the `?' option.
(/usr/share/texmf-dist/tex/latex/amsmath/amstext.sty
Package: amstext 2021/08/26 v2.01 AMS text
 (/usr/share/texmf-dist/tex/latex/amsmath/amsgen.sty
File: amsgen.sty 1999/11/30 v2.0 generic functions
\@emptytoks=\toks18
\ex@=\dimen139
)) (/usr/share/texmf-dist/tex/latex/amsmath/amsbsy.sty
Package: amsbsy 1999/11/29 v1.2d Bold Symbols
\pmbraise@=\dimen140
) (/usr/share/texmf-dist/tex/latex/amsmath/amsopn.sty
Package: amsopn 2021/08/26 v2.02 operator names
)
\inf@bad=\count193
LaTeX Info: Redefining \frac on input line 234.
\uproot@=\count194
\leftroot@=\count195
LaTeX Info: Redefining \overline on input line 399.
\classnum@=\count196
\DOTSCASE@=\count197
LaTeX Info: Redefining \ldots on input line 496.
LaTeX Info: Redefining \dots on input line 499.
LaTeX Info: Redefining \cdots on input line 620.
\Mathstrutbox@=\box50
\strutbox@=\box51
\big@size=\dimen141
LaTeX Font Info:    Redeclaring font encoding OML on input line 743.
LaTeX Font Info:    Redeclaring font encoding OMS on input line 744.
\macc@depth=\count198
\c@MaxMatrixCols=\count199
\dotsspace@=\muskip16
\c@parentequation=\count266
\dspbrk@lvl=\count267
\tag@help=\toks19
\row@=\count268
\column@=\count269
\maxfields@=\count270
\andhelp@=\toks20
\eqnshift@=\dimen142
\alignsep@=\dimen143
\tagshift@=\dimen144
\tagwidth@=\dimen145
\totwidth@=\dimen146
\lineht@=\dimen147
\@envbody=\toks21
\multlinegap=\skip50
\multlinetaggap=\skip51
\mathdisplay@stack=\toks22
LaTeX Info: Redefining \[ on input line 2938.
LaTeX Info: Redefining \] on input line 2939.
) (/usr/share/texmf-dist/tex/latex/tools/afterpage.sty
Package: afterpage 2014/10/28 v1.08 After-Page Package (DPC)
\AP@output=\toks23
\AP@partial=\box52
\AP@footins=\box53
) (/usr/share/texmf-dist/tex/latex/amsfonts/amssymb.sty
Package: amssymb 2013/01/14 v3.01 AMS font symbols
 (/usr/share/texmf-dist/tex/latex/amsfonts/amsfonts.sty
Package: amsfonts 2013/01/14 v3.01 Basic AMSFonts support
\symAMSa=\mathgroup4
\symAMSb=\mathgroup5
LaTeX Font Info:    Redeclaring math symbol \hbar on input line 98.
LaTeX Font Info:    Overwriting math alphabet `\mathfrak' in version `bold'
(Font)                  U/euf/m/n --> U/euf/b/n on input line 106.
)) (/usr/share/texmf-dist/tex/latex/svg/svg.sty
Package: svg 2020/11/26 v2.02k (include SVG pictures)
 (/usr/share/texmf-dist/tex/generic/iftex/iftex.sty
Package: iftex 2022/02/03 v1.0f TeX engine tests
) (/usr/share/texmf-dist/tex/latex/koma-script/scrbase.sty
Package: scrbase 2021/11/13 v3.35 KOMA-Script package (KOMA-Script-independent basics and keyval usage)
 (/usr/share/texmf-dist/tex/latex/koma-script/scrlfile.sty
Package: scrlfile 2021/11/13 v3.35 KOMA-Script package (file load hooks)
 (/usr/share/texmf-dist/tex/latex/koma-script/scrlfile-hook.sty
Package: scrlfile-hook 2021/11/13 v3.35 KOMA-Script package (using LaTeX hooks)
 (/usr/share/texmf-dist/tex/latex/koma-script/scrlogo.sty
Package: scrlogo 2021/11/13 v3.35 KOMA-Script package (logo)
))) (/usr/share/texmf-dist/tex/latex/graphics/keyval.sty
Package: keyval 2014/10/28 v1.15 key=value parser (DPC)
\KV@toks@=\toks24
)
Applying: [2021/05/01] Usage of raw or classic option list on input line 252.
Already applied: [0000/00/00] Usage of raw or classic option list on input line 368.
) (/usr/share/texmf-dist/tex/generic/pdftexcmds/pdftexcmds.sty
Package: pdftexcmds 2020-06-27 v0.33 Utility functions of pdfTeX for LuaTeX (HO)
 (/usr/share/texmf-dist/tex/generic/infwarerr/infwarerr.sty
Package: infwarerr 2019/12/03 v1.5 Providing info/warning/error messages (HO)
) (/usr/share/texmf-dist/tex/generic/ltxcmds/ltxcmds.sty
Package: ltxcmds 2020-05-10 v1.25 LaTeX kernel commands for general use (HO)
)
Package pdftexcmds Info: \pdf@primitive is available.
Package pdftexcmds Info: \pdf@ifprimitive is available.
Package pdftexcmds Info: \pdfdraftmode found.
) (/usr/share/texmf-dist/tex/latex/trimspaces/trimspaces.sty
Package: trimspaces 2009/09/17 v1.1 Trim spaces around a token list
) (/usr/share/texmf-dist/tex/latex/graphics/graphicx.sty
Package: graphicx 2021/09/16 v1.2d Enhanced LaTeX Graphics (DPC,SPQR)
 (/usr/share/texmf-dist/tex/latex/graphics/graphics.sty
Package: graphics 2021/03/04 v1.4d Standard LaTeX Graphics (DPC,SPQR)
 (/usr/share/texmf-dist/tex/latex/graphics/trig.sty
Package: trig 2021/08/11 v1.11 sin cos tan (DPC)
) (/usr/share/texmf-dist/tex/latex/graphics-cfg/graphics.cfg
File: graphics.cfg 2016/06/04 v1.11 sample graphics configuration
)
Package graphics Info: Driver file: pdftex.def on input line 107.
 (/usr/share/texmf-dist/tex/latex/graphics-def/pdftex.def
File: pdftex.def 2020/10/05 v1.2a Graphics/color driver for pdftex
))
\Gin@req@height=\dimen148
\Gin@req@width=\dimen149
) (/usr/share/texmf-dist/tex/latex/tools/shellesc.sty
Package: shellesc 2019/11/08 v1.0c unified shell escape interface for LaTeX
Package shellesc Info: Unrestricted shell escape enabled on input line 75.
) (/usr/share/texmf-dist/tex/latex/ifplatform/ifplatform.sty
Package: ifplatform 2017/10/13 v0.4a Testing for the operating system
 (/usr/share/texmf-dist/tex/generic/catchfile/catchfile.sty
Package: catchfile 2019/12/09 v1.8 Catch the contents of a file (HO)
 (/usr/share/texmf-dist/tex/generic/etexcmds/etexcmds.sty
Package: etexcmds 2019/12/15 v1.7 Avoid name clashes with e-TeX commands (HO)
)) (/usr/share/texmf-dist/tex/generic/iftex/ifluatex.sty
Package: ifluatex 2019/10/25 v1.5 ifluatex legacy package. Use iftex instead.
)
runsystem(uname -s > "main.w18")...executed.

 (./main.w18)
runsystem(rm -- "main.w18")...executed.

)
\c@svg@param@lastpage=\count271
\svg@box=\box54
\c@svg@param@currpage=\count272
) (/usr/share/texmf-dist/tex/latex/xcolor/xcolor.sty
Package: xcolor 2021/10/31 v2.13 LaTeX color extensions (UK)
 (/usr/share/texmf-dist/tex/latex/graphics-cfg/color.cfg
File: color.cfg 2016/01/02 v1.6 sample color configuration
)
Package xcolor Info: Driver file: pdftex.def on input line 227.
Package xcolor Info: Model `cmy' substituted by `cmy0' on input line 1352.
Package xcolor Info: Model `hsb' substituted by `rgb' on input line 1356.
Package xcolor Info: Model `RGB' extended on input line 1368.
Package xcolor Info: Model `HTML' substituted by `rgb' on input line 1370.
Package xcolor Info: Model `Hsb' substituted by `hsb' on input line 1371.
Package xcolor Info: Model `tHsb' substituted by `hsb' on input line 1372.
Package xcolor Info: Model `HSB' substituted by `hsb' on input line 1373.
Package xcolor Info: Model `Gray' substituted by `gray' on input line 1374.
Package xcolor Info: Model `wave' substituted by `hsb' on input line 1375.
) (/usr/share/texmf-dist/tex/latex/transparent/transparent.sty
Package: transparent 2019/11/29 v1.4 Transparency via pdfTeX's color stack (HO)
 (/usr/share/texmf-dist/tex/latex/auxhook/auxhook.sty
Package: auxhook 2019-12-17 v1.6 Hooks for auxiliary files (HO)
)) (/usr/share/texmf-dist/tex/latex/pgf/systemlayer/pgfsys.sty (/usr/share/texmf-dist/tex/latex/pgf/utilities/pgfrcs.sty (/usr/share/texmf-dist/tex/generic/pgf/utilities/pgfutil-common.tex
\pgfutil@everybye=\toks25
\pgfutil@tempdima=\dimen150
\pgfutil@tempdimb=\dimen151
 (/usr/share/texmf-dist/tex/generic/pgf/utilities/pgfutil-common-lists.tex)) (/usr/share/texmf-dist/tex/generic/pgf/utilities/pgfutil-latex.def
\pgfutil@abb=\box55
) (/usr/share/texmf-dist/tex/generic/pgf/utilities/pgfrcs.code.tex (/usr/share/texmf-dist/tex/generic/pgf/pgf.revision.tex)
Package: pgfrcs 2021/05/15 v3.1.9a (3.1.9a)
)) (/usr/share/texmf-dist/tex/generic/pgf/systemlayer/pgfsys.code.tex
Package: pgfsys 2021/05/15 v3.1.9a (3.1.9a)
 (/usr/share/texmf-dist/tex/generic/pgf/utilities/pgfkeys.code.tex
\pgfkeys@pathtoks=\toks26
\pgfkeys@temptoks=\toks27
 (/usr/share/texmf-dist/tex/generic/pgf/utilities/pgfkeysfiltered.code.tex
\pgfkeys@tmptoks=\toks28
))
\pgf@x=\dimen152
\pgf@y=\dimen153
\pgf@xa=\dimen154
\pgf@ya=\dimen155
\pgf@xb=\dimen156
\pgf@yb=\dimen157
\pgf@xc=\dimen158
\pgf@yc=\dimen159
\pgf@xd=\dimen160
\pgf@yd=\dimen161
\w@pgf@writea=\write3
\r@pgf@reada=\read2
\c@pgf@counta=\count273
\c@pgf@countb=\count274
\c@pgf@countc=\count275
\c@pgf@countd=\count276
\t@pgf@toka=\toks29
\t@pgf@tokb=\toks30
\t@pgf@tokc=\toks31
\pgf@sys@id@count=\count277
 (/usr/share/texmf-dist/tex/generic/pgf/systemlayer/pgf.cfg
File: pgf.cfg 2021/05/15 v3.1.9a (3.1.9a)
)
Driver file for pgf: pgfsys-pdftex.def
 (/usr/share/texmf-dist/tex/generic/pgf/systemlayer/pgfsys-pdftex.def
File: pgfsys-pdftex.def 2021/05/15 v3.1.9a (3.1.9a)
 (/usr/share/texmf-dist/tex/generic/pgf/systemlayer/pgfsys-common-pdf.def
File: pgfsys-common-pdf.def 2021/05/15 v3.1.9a (3.1.9a)
))) (/usr/share/texmf-dist/tex/generic/pgf/systemlayer/pgfsyssoftpath.code.tex
File: pgfsyssoftpath.code.tex 2021/05/15 v3.1.9a (3.1.9a)
\pgfsyssoftpath@smallbuffer@items=\count278
\pgfsyssoftpath@bigbuffer@items=\count279
) (/usr/share/texmf-dist/tex/generic/pgf/systemlayer/pgfsysprotocol.code.tex
File: pgfsysprotocol.code.tex 2021/05/15 v3.1.9a (3.1.9a)
)) (/usr/share/texmf-dist/tex/latex/listings/listings.sty
\lst@mode=\count280
\lst@gtempboxa=\box56
\lst@token=\toks32
\lst@length=\count281
\lst@currlwidth=\dimen162
\lst@column=\count282
\lst@pos=\count283
\lst@lostspace=\dimen163
\lst@width=\dimen164
\lst@newlines=\count284
\lst@lineno=\count285
\lst@maxwidth=\dimen165
 (/usr/share/texmf-dist/tex/latex/listings/lstmisc.sty
File: lstmisc.sty 2020/03/24 1.8d (Carsten Heinz)
\c@lstnumber=\count286
\lst@skipnumbers=\count287
\lst@framebox=\box57
) (/usr/share/texmf-dist/tex/latex/listings/listings.cfg
File: listings.cfg 2020/03/24 1.8d listings configuration
))
Package: listings 2020/03/24 1.8d (Carsten Heinz)
 (/usr/share/texmf-dist/tex/latex/float/float.sty
Package: float 2001/11/08 v1.3d Float enhancements (AL)
\c@float@type=\count288
\float@exts=\toks33
\float@box=\box58
\@float@everytoks=\toks34
\@floatcapt=\box59
) (/usr/share/texmf-dist/tex/latex/wrapfig/wrapfig.sty
\wrapoverhang=\dimen166
\WF@size=\dimen167
\c@WF@wrappedlines=\count289
\WF@box=\box60
\WF@everypar=\toks35
Package: wrapfig 2003/01/31  v 3.6
) (/usr/share/texmf-dist/tex/latex/lipsum/lipsum.sty (/usr/share/texmf-dist/tex/latex/l3packages/l3keys2e/l3keys2e.sty (/usr/share/texmf-dist/tex/latex/l3kernel/expl3.sty
Package: expl3 2022-04-10 L3 programming layer (loader) 
 (/usr/share/texmf-dist/tex/latex/l3backend/l3backend-pdftex.def
File: l3backend-pdftex.def 2022-04-14 L3 backend support: PDF output (pdfTeX)
\l__color_backend_stack_int=\count290
\l__pdf_internal_box=\box61
))
Package: l3keys2e 2022-01-12 LaTeX2e option processing using LaTeX3 keys
)
Package: lipsum 2021-09-20 v2.7 150 paragraphs of Lorem Ipsum dummy text
\g__lipsum_par_int=\count291
\l__lipsum_a_int=\count292
\l__lipsum_b_int=\count293
 (/usr/share/texmf-dist/tex/latex/lipsum/lipsum.ltd.tex)) (/usr/share/texmf-dist/tex/latex/cancel/cancel.sty
Package: cancel 2013/04/12 v2.2 Cancel math terms
) (/usr/share/texmf-dist/tex/latex/blindtext/blindtext.sty
Package: blindtext 2012/01/06 V2.0 blindtext-Package
 (/usr/share/texmf-dist/tex/latex/tools/xspace.sty
Package: xspace 2014/10/28 v1.13 Space after command names (DPC,MH)
)
\c@blindtext=\count294
\c@Blindtext=\count295
\c@blind@countparstart=\count296
\blind@countxx=\count297
\blindtext@numBlindtext=\count298
\blind@countyy=\count299
\c@blindlist=\count300
\c@blindlistlevel=\count301
\c@blindlist@level=\count302
\blind@listitem=\count303
\c@blind@listcount=\count304
\c@blind@levelcount=\count305
\blind@mathformula=\count306
\blind@Mathformula=\count307
\c@blind@randomcount=\count308
\c@blind@randommax=\count309
\c@blind@pangramcount=\count310
\c@blind@pangrammax=\count311
) (/usr/share/texmf-dist/tex/latex/tools/multicol.sty
Package: multicol 2021/10/28 v1.9b multicolumn formatting (FMi)
\c@tracingmulticols=\count312
\mult@box=\box62
\multicol@leftmargin=\dimen168
\c@unbalance=\count313
\c@collectmore=\count314
\doublecol@number=\count315
\multicoltolerance=\count316
\multicolpretolerance=\count317
\full@width=\dimen169
\page@free=\dimen170
\premulticols=\dimen171
\postmulticols=\dimen172
\multicolsep=\skip52
\multicolbaselineskip=\skip53
\partial@page=\box63
\last@line=\box64
\maxbalancingoverflow=\dimen173
\mult@rightbox=\box65
\mult@grightbox=\box66
\mult@firstbox=\box67
\mult@gfirstbox=\box68
\@tempa=\box69
\@tempa=\box70
\@tempa=\box71
\@tempa=\box72
\@tempa=\box73
\@tempa=\box74
\@tempa=\box75
\@tempa=\box76
\@tempa=\box77
\@tempa=\box78
\@tempa=\box79
\@tempa=\box80
\@tempa=\box81
\@tempa=\box82
\@tempa=\box83
\@tempa=\box84
\@tempa=\box85
\@tempa=\box86
\@tempa=\box87
\@tempa=\box88
\@tempa=\box89
\@tempa=\box90
\@tempa=\box91
\@tempa=\box92
\@tempa=\box93
\@tempa=\box94
\@tempa=\box95
\@tempa=\box96
\@tempa=\box97
\@tempa=\box98
\@tempa=\box99
\@tempa=\box100
\@tempa=\box101
\@tempa=\box102
\@tempa=\box103
\@tempa=\box104
\c@minrows=\count318
\c@columnbadness=\count319
\c@finalcolumnbadness=\count320
\last@try=\dimen174
\multicolovershoot=\dimen175
\multicolundershoot=\dimen176
\mult@nat@firstbox=\box105
\colbreak@box=\box106
\mc@col@check@num=\count321
) (./main.aux (./0_Cover.aux) (./1_Introduzione.aux) (./2_Rimandi_alla_teoria_dell_informazione.aux) (./3_Teoria_della_casualita.aux) (./4_Generatori_pseudocasuali.aux) (./5_Miller-Rabin.aux) (./6_Cifrari_storici.aux) (./7_Cifrari_perfetti.aux) (./8_DES.aux) (./9_AES.aux) (./10_Crittografia_a_chiave_pubblica.aux) (./11_RSA.aux) (./12_Diffie_Hellman.aux) (./13_El_Gamal.aux) (./14_Curve_ellittiche.aux) (./15_Identificazione_autenticazione_firma_digitale.aux) (./16_Zero_Knowledge.aux) (./17_Protocollo_SSL.aux) (./18_Distribuzione_quantistica_delle_chiavi.aux) (./19_Protocollo_Bitcoin.aux))
\openout1 = `main.aux'.

LaTeX Font Info:    Checking defaults for OML/cmm/m/it on input line 15.
LaTeX Font Info:    ... okay on input line 15.
LaTeX Font Info:    Checking defaults for OMS/cmsy/m/n on input line 15.
LaTeX Font Info:    ... okay on input line 15.
LaTeX Font Info:    Checking defaults for OT1/cmr/m/n on input line 15.
LaTeX Font Info:    ... okay on input line 15.
LaTeX Font Info:    Checking defaults for T1/cmr/m/n on input line 15.
LaTeX Font Info:    ... okay on input line 15.
LaTeX Font Info:    Checking defaults for TS1/cmr/m/n on input line 15.
LaTeX Font Info:    ... okay on input line 15.
LaTeX Font Info:    Checking defaults for OMX/cmex/m/n on input line 15.
LaTeX Font Info:    ... okay on input line 15.
LaTeX Font Info:    Checking defaults for U/cmr/m/n on input line 15.
LaTeX Font Info:    ... okay on input line 15.
 (/usr/share/texmf-dist/tex/context/base/mkii/supp-pdf.mkii
[Loading MPS to PDF converter (version 2006.09.02).]
\scratchcounter=\count322
\scratchdimen=\dimen177
\scratchbox=\box107
\nofMPsegments=\count323
\nofMParguments=\count324
\everyMPshowfont=\toks36
\MPscratchCnt=\count325
\MPscratchDim=\dimen178
\MPnumerator=\count326
\makeMPintoPDFobject=\count327
\everyMPtoPDFconversion=\toks37
) (/usr/share/texmf-dist/tex/latex/epstopdf-pkg/epstopdf-base.sty
Package: epstopdf-base 2020-01-24 v2.11 Base part for package epstopdf
Package epstopdf-base Info: Redefining graphics rule for `.eps' on input line 485.
 (/usr/share/texmf-dist/tex/latex/latexconfig/epstopdf-sys.cfg
File: epstopdf-sys.cfg 2010/07/13 v1.3 Configuration of (r)epstopdf for TeX Live
))
\c@lstlisting=\count328
\openout2 = `0_Cover.aux'.

 (./0_Cover.tex [1


{/var/lib/texmf/fonts/map/pdftex/updmap/pdftex.map}] [1

] (./main.toc
LaTeX Font Info:    Trying to load font information for U+msa on input line 2.
 (/usr/share/texmf-dist/tex/latex/amsfonts/umsa.fd
File: umsa.fd 2013/01/14 v3.01 AMS symbols A
)
LaTeX Font Info:    Trying to load font information for U+msb on input line 2.
 (/usr/share/texmf-dist/tex/latex/amsfonts/umsb.fd
File: umsb.fd 2013/01/14 v3.01 AMS symbols B
) [2] [3] [4] [5] [6])
\tf@toc=\write4
\openout4 = `main.toc'.

 [7] [8

])
\openout2 = `1_Introduzione.aux'.

 (./1_Introduzione.tex [9



] [10] [11] [12]) [13]
\openout2 = `2_Rimandi_alla_teoria_dell_informazione.aux'.

 (./2_Rimandi_alla_teoria_dell_informazione.tex
LaTeX Font Info:    Trying to load font information for OMS+cmr on input line 26.
 (/usr/share/texmf-dist/tex/latex/base/omscmr.fd
File: omscmr.fd 2019/12/16 v2.5j Standard LaTeX font definitions
)
LaTeX Font Info:    Font shape `OMS/cmr/m/n' in size <10> not available
(Font)              Font shape `OMS/cmsy/m/n' tried instead on input line 26.
 [14



] [15] [16] [17] [18] [19] [20] [21] [22] [23]
Package svg Info: Last page of `./svg-inkscape/complexity_classes_svg-tex.pdf' is 1 on input line 374.
 (./svg-inkscape/complexity_classes_svg-tex.pdf_tex
<./svg-inkscape/complexity_classes_svg-tex.pdf, id=99, page=1, 418.56375pt x 418.2551pt>
File: ./svg-inkscape/complexity_classes_svg-tex.pdf Graphic file (type pdf)
<use ./svg-inkscape/complexity_classes_svg-tex.pdf, page 1>
Package pdftex.def Info: ./svg-inkscape/complexity_classes_svg-tex.pdf , page1 used on input line 56.
(pdftex.def)             Requested size: 250.0pt x 249.8126pt.
) [24 <./svg-inkscape/complexity_classes_svg-tex.pdf>]) [25]
\openout2 = `3_Teoria_della_casualita.aux'.

 (./3_Teoria_della_casualita.tex [26



] [27]) [28]
\openout2 = `4_Generatori_pseudocasuali.aux'.

 (./4_Generatori_pseudocasuali.tex [29



] [30]
Overfull \hbox (1.5945pt too wide) in paragraph at lines 97--97
[]\OT1/cmr/bx/n/12 Costruzione di gen-er-a-tori crit-tografi-ca-mente si-curi con
 []

[31] [32]) [33]
\openout2 = `5_Miller-Rabin.aux'.

 (./5_Miller-Rabin.tex [34



] [35]) [36]
\openout2 = `6_Cifrari_storici.aux'.

 (./6_Cifrari_storici.tex [37



] [38] [39] [40] [41] [42] [43]
<Enigma.png, id=166, 663.47874pt x 241.90375pt>
File: Enigma.png Graphic file (type png)
<use Enigma.png>
Package pdftex.def Info: Enigma.png  used on input line 242.
(pdftex.def)             Requested size: 350.0pt x 127.6104pt.

Overfull \hbox (5.0pt too wide) in paragraph at lines 242--243
 [][] 
 []

[44 <./Enigma.png>]) [45]
\openout2 = `7_Cifrari_perfetti.aux'.

 (./7_Cifrari_perfetti.tex [46



]
<Shannon_proof.png, id=178, 407.5225pt x 335.2525pt>
File: Shannon_proof.png Graphic file (type png)
<use Shannon_proof.png>
Package pdftex.def Info: Shannon_proof.png  used on input line 51.
(pdftex.def)             Requested size: 250.0pt x 205.66495pt.
 [47 <./Shannon_proof.png>] [48]) [49]
\openout2 = `8_DES.aux'.

 (./8_DES.tex
<DES_1.png, id=193, 187.70125pt x 503.8825pt>
File: DES_1.png Graphic file (type png)
<use DES_1.png>
Package pdftex.def Info: DES_1.png  used on input line 30.
(pdftex.def)             Requested size: 125.0pt x 335.56973pt.
 [50



]
<DES_2.png, id=197, 422.57875pt x 310.15875pt>
File: DES_2.png Graphic file (type png)
<use DES_2.png>
Package pdftex.def Info: DES_2.png  used on input line 59.
(pdftex.def)             Requested size: 300.0pt x 220.19531pt.
 [51 <./DES_1.png>]
<DES_3.png, id=202, 121.45375pt x 101.37875pt>
File: DES_3.png Graphic file (type png)
<use DES_3.png>
Package pdftex.def Info: DES_3.png  used on input line 75.
(pdftex.def)             Requested size: 100.0pt x 83.46988pt.
 [52 <./DES_2.png> <./DES_3.png>]
Overfull \hbox (6.99928pt too wide) in paragraph at lines 87--95
 [][] 
 []

[53

] [54]) [55]
\openout2 = `9_AES.aux'.

 (./9_AES.tex [56



] [57] [58]
<CBC.png, id=228, 303.1325pt x 222.8325pt>
File: CBC.png Graphic file (type png)
<use CBC.png>
Package pdftex.def Info: CBC.png  used on input line 164.
(pdftex.def)             Requested size: 200.0pt x 147.0223pt.
<CBC_2.png, id=229, 302.12875pt x 211.79124pt>
File: CBC_2.png Graphic file (type png)
<use CBC_2.png>
Package pdftex.def Info: CBC_2.png  used on input line 177.
(pdftex.def)             Requested size: 200.0pt x 140.19954pt.
 [59 <./CBC.png>]) [60 <./CBC_2.png>]
\openout2 = `10_Crittografia_a_chiave_pubblica.aux'.

 (./10_Crittografia_a_chiave_pubblica.tex [61



] [62] [63] [64] [65]) [66]
\openout2 = `11_RSA.aux'.

 (./11_RSA.tex [67



] [68] [69] [70

] [71]) [72]
\openout2 = `12_Diffie_Hellman.aux'.

 (./12_Diffie_Hellman.tex [73



]) [74]
\openout2 = `13_El_Gamal.aux'.

 (./13_El_Gamal.tex) [75



]
\openout2 = `14_Curve_ellittiche.aux'.

 (./14_Curve_ellittiche.tex [76



]
<ECC_1.png, id=292, 336.25626pt x 190.7125pt>
File: ECC_1.png Graphic file (type png)
<use ECC_1.png>
Package pdftex.def Info: ECC_1.png  used on input line 55.
(pdftex.def)             Requested size: 200.75073pt x 113.858pt.
 [77 <./ECC_1.png>]
<ECC_2.png, id=299, 602.25pt x 182.6825pt>
File: ECC_2.png Graphic file (type png)
<use ECC_2.png>
Package pdftex.def Info: ECC_2.png  used on input line 99.
(pdftex.def)             Requested size: 326.21994pt x 98.95648pt.
 [78 <./ECC_2.png>] [79

] [80] [81] [82]) [83]
\openout2 = `15_Identificazione_autenticazione_firma_digitale.aux'.

 (./15_Identificazione_autenticazione_firma_digitale.tex [84



] [85] [86] [87] [88] [89] [90] [91]) [92]
\openout2 = `16_Zero_Knowledge.aux'.

 (./16_Zero_Knowledge.tex [93



] [94] [95])
\openout2 = `17_Protocollo_SSL.aux'.

 (./17_Protocollo_SSL.tex [96




] [97] [98]) [99]
\openout2 = `18_Distribuzione_quantistica_delle_chiavi.aux'.

 (./18_Distribuzione_quantistica_delle_chiavi.tex
<QDK_1.png, id=372, 234.8775pt x 118.4425pt>
File: QDK_1.png Graphic file (type png)
<use QDK_1.png>
Package pdftex.def Info: QDK_1.png  used on input line 32.
(pdftex.def)             Requested size: 150.56305pt x 75.92401pt.
 [100



]
<QDK_2.png, id=376, 492.84125pt x 192.72pt>
File: QDK_2.png Graphic file (type png)
<use QDK_2.png>
Package pdftex.def Info: QDK_2.png  used on input line 50.
(pdftex.def)             Requested size: 301.1261pt x 117.75604pt.
 [101 <./QDK_1.png> <./QDK_2.png>] [102] [103])
Overfull \hbox (24.75064pt too wide) in paragraph at lines 164--35
\OT1/cmr/m/n/10 Esiste un al-tro al-go-ritmo quan-tis-tico di scam-bio di chi-avi che si basa sull'entanglement.
 []

[104]
\openout2 = `19_Protocollo_Bitcoin.aux'.

 (./19_Protocollo_Bitcoin.tex [105



]
<Bitcoin_1.png, id=395, 367.3725pt x 191.71625pt>
File: Bitcoin_1.png Graphic file (type png)
<use Bitcoin_1.png>
Package pdftex.def Info: Bitcoin_1.png  used on input line 75.
(pdftex.def)             Requested size: 301.1261pt x 157.15567pt.
 [106] [107 <./Bitcoin_1.png>]) [108] (./main.aux (./0_Cover.aux) (./1_Introduzione.aux) (./2_Rimandi_alla_teoria_dell_informazione.aux) (./3_Teoria_della_casualita.aux) (./4_Generatori_pseudocasuali.aux) (./5_Miller-Rabin.aux) (./6_Cifrari_storici.aux) (./7_Cifrari_perfetti.aux) (./8_DES.aux) (./9_AES.aux) (./10_Crittografia_a_chiave_pubblica.aux) (./11_RSA.aux) (./12_Diffie_Hellman.aux) (./13_El_Gamal.aux) (./14_Curve_ellittiche.aux) (./15_Identificazione_autenticazione_firma_digitale.aux) (./16_Zero_Knowledge.aux) (./17_Protocollo_SSL.aux) (./18_Distribuzione_quantistica_delle_chiavi.aux) (./19_Protocollo_Bitcoin.aux)) ) 
Here is how much of TeX's memory you used:
 8693 strings out of 478238
 165225 string characters out of 5850457
 564703 words of memory out of 5000000
 26578 multiletter control sequences out of 15000+600000
 480442 words of font info for 71 fonts, out of 8000000 for 9000
 1141 hyphenation exceptions out of 8191
 94i,21n,92p,893b,479s stack positions out of 5000i,500n,10000p,200000b,80000s
{/usr/share/texmf-dist/fonts/enc/dvips/cm-super/cm-super-ts1.enc}</usr/share/texmf-dist/fonts/type1/public/amsfonts/cm/cmbx10.pfb></usr/share/texmf-dist/fonts/type1/public/amsfonts/cm/cmbx12.pfb></usr/share/texmf-dist/fonts/type1/public/amsfonts/cm/cmex10.pfb></usr/share/texmf-dist/fonts/type1/public/amsfonts/cm/cmmi10.pfb></usr/share/texmf-dist/fonts/type1/public/amsfonts/cm/cmmi12.pfb></usr/share/texmf-dist/fonts/type1/public/amsfonts/cm/cmmi5.pfb></usr/share/texmf-dist/fonts/type1/public/amsfonts/cm/cmmi6.pfb></usr/share/texmf-dist/fonts/type1/public/amsfonts/cm/cmmi7.pfb></usr/share/texmf-dist/fonts/type1/public/amsfonts/cm/cmmi9.pfb></usr/share/texmf-dist/fonts/type1/public/amsfonts/cm/cmr10.pfb></usr/share/texmf-dist/fonts/type1/public/amsfonts/cm/cmr12.pfb></usr/share/texmf-dist/fonts/type1/public/amsfonts/cm/cmr17.pfb></usr/share/texmf-dist/fonts/type1/public/amsfonts/cm/cmr5.pfb></usr/share/texmf-dist/fonts/type1/public/amsfonts/cm/cmr7.pfb></usr/share/texmf-dist/fonts/type1/public/amsfonts/cm/cmr9.pfb></usr/share/texmf-dist/fonts/type1/public/amsfonts/cm/cmsy10.pfb></usr/share/texmf-dist/fonts/type1/public/amsfonts/cm/cmsy5.pfb></usr/share/texmf-dist/fonts/type1/public/amsfonts/cm/cmsy7.pfb></usr/share/texmf-dist/fonts/type1/public/amsfonts/cm/cmti10.pfb></usr/share/texmf-dist/fonts/type1/public/amsfonts/cm/cmtt10.pfb></usr/share/texmf-dist/fonts/type1/public/amsfonts/latxfont/line10.pfb></usr/share/texmf-dist/fonts/type1/public/amsfonts/symbols/msam10.pfb></usr/share/texmf-dist/fonts/type1/public/amsfonts/symbols/msbm10.pfb></usr/share/texmf-dist/fonts/type1/public/amsfonts/symbols/msbm7.pfb></usr/share/texmf-dist/fonts/type1/public/cm-super/sfrm1000.pfb>
Output written on main.pdf (109 pages, 669950 bytes).
PDF statistics:
 516 PDF objects out of 1000 (max. 8388607)
 325 compressed objects within 4 object streams
 0 named destinations out of 1000 (max. 500000)
 83 words of extra memory for PDF output out of 10000 (max. 10000000)

